[2026-03-28 17:44:04.034] [INIT] Menu event monitoring started
[2026-03-28 17:47:18.782] [MENU] TrueHUD OPENED
[2026-03-28 17:47:27.071] [MENU] Main Menu OPENED
[2026-03-28 17:47:27.091] [MENU] Cursor Menu OPENED
[2026-03-28 17:47:27.155] [MENU] Console OPENED
[2026-03-28 17:47:27.182] [MENU] Console CLOSED
[2026-03-28 17:47:27.205] [MENU] Cursor Menu CLOSED
[2026-03-28 17:47:27.228] [MENU] LoadWaitSpinner CLOSED
[2026-03-28 17:47:27.245] [MENU] Loading Menu CLOSED
[2026-03-28 17:47:27.279] [MENU] Cursor Menu OPENED
[2026-03-28 17:47:27.299] [MENU] AchievementWidget OPENED
[2026-03-28 17:47:27.337] [MENU] BTPS Menu OPENED
[2026-03-28 17:47:27.354] [MENU] Cursor Menu CLOSED
[2026-03-28 17:47:27.375] [MENU] Cursor Menu OPENED
[2026-03-28 17:55:36.004] [MENU] LoadWaitSpinner OPENED
[2026-03-28 17:55:36.024] [MENU] LoadWaitSpinner CLOSED
[2026-03-28 17:55:36.042] [MENU] LoadWaitSpinner OPENED
[2026-03-28 17:55:36.058] [MENU] LoadWaitSpinner CLOSED
[2026-03-28 17:55:36.076] [MENU] LoadWaitSpinner CLOSED
[2026-03-28 17:55:36.093] [MENU] Cursor Menu CLOSED
[2026-03-28 17:55:36.111] [MENU] BTPS Menu CLOSED
[2026-03-28 17:55:36.128] [MENU] AchievementWidget CLOSED
[2026-03-28 17:55:36.145] [MENU] BestiaryWidget CLOSED
[2026-03-28 17:55:36.162] [MENU] TrueHUD CLOSED
[2026-03-28 17:55:36.180] [MENU] BTPS Ovelay Menu CLOSED
[2026-03-28 17:55:36.229] [MENU] Main Menu CLOSED
[2026-03-28 17:55:36.247] [MENU] Fader Menu CLOSED
[2026-03-28 17:55:36.312] [MENU] Loading Menu OPENED
[2026-03-28 17:55:36.339] [MENU] Cursor Menu OPENED
[2026-03-28 17:55:36.361] [MENU] AchievementWidget OPENED
[2026-03-28 17:55:36.381] [MENU] BestiaryWidget OPENED
[2026-03-28 17:55:36.398] [MENU] TrueHUD OPENED
[2026-03-28 17:55:36.417] [MENU] Cursor Menu CLOSED
[2026-03-28 17:55:36.436] [MENU] Fader Menu OPENED
[2026-03-28 17:56:04.266] [MENU] BTPS Ovelay Menu OPENED
[2026-03-28 17:56:04.286] [MENU] BTPS Menu OPENED
[2026-03-28 17:56:06.466] [MENU] Loading Menu CLOSED
[2026-03-28 17:56:09.883] [MENU] Mist Menu CLOSED
[2026-03-28 17:56:11.664] [MENU] MessageBoxMenu OPENED
[2026-03-28 17:56:11.687] [MENU] Cursor Menu OPENED
[2026-03-28 17:56:11.886] [MENU] CustomMenu OPENED
[2026-03-28 17:56:13.356] [MENU] Fader Menu CLOSED
[2026-03-28 17:56:19.895] [MENU] CustomMenu CLOSED
[2026-03-28 17:56:21.261] [MENU] MessageBoxMenu CLOSED
[2026-03-28 17:56:21.281] [MENU] Cursor Menu CLOSED
[2026-03-28 17:56:24.541] [MENU] Journal Menu OPENED
[2026-03-28 17:56:24.573] [MENU] Cursor Menu OPENED
[2026-03-28 18:40:23.082] [MENU] Journal Menu CLOSED
[2026-03-28 18:40:23.118] [MENU] Cursor Menu CLOSED
[2026-03-28 18:40:27.524] [MENU] Console OPENED
[2026-03-28 18:40:27.562] [MENU] Cursor Menu OPENED
[2026-03-28 18:45:08.406] [MENU] Console CLOSED
[2026-03-28 18:45:08.436] [MENU] Cursor Menu CLOSED
[2026-03-28 18:45:13.693] [MENU] CustomMenu OPENED
[2026-03-28 18:45:13.726] [MENU] Cursor Menu OPENED
[2026-03-28 18:45:15.478] [MENU] CustomMenu CLOSED
[2026-03-28 18:45:15.500] [MENU] Cursor Menu CLOSED
[2026-03-28 18:45:16.035] [MENU] CustomMenu OPENED
[2026-03-28 18:45:16.062] [MENU] Cursor Menu OPENED
[2026-03-28 18:45:16.797] [MENU] CustomMenu CLOSED
[2026-03-28 18:45:16.818] [MENU] Cursor Menu CLOSED
[2026-03-28 18:45:17.334] [MENU] Fader Menu OPENED
[2026-03-28 18:45:18.376] [MENU] OstimSceneMenu OPENED
[2026-03-28 18:45:18.678] [MENU] Fader Menu CLOSED
[2026-03-28 18:45:19.742] [MENU] TweenMenu OPENED
[2026-03-28 18:45:19.785] [MENU] Cursor Menu OPENED
[2026-03-28 18:45:20.351] [MENU] Fader Menu OPENED
[2026-03-28 18:45:20.374] [MENU] Cursor Menu CLOSED
[2026-03-28 18:45:20.429] [MENU] TweenMenu CLOSED
[2026-03-28 18:45:23.050] [MENU] Fader Menu CLOSED
[2026-03-28 18:45:27.407] [MENU] Cursor Menu OPENED
[2026-03-28 18:45:27.699] [MENU] PrismaUI_FocusMenu OPENED
[2026-03-28 18:45:34.731] [MENU] PrismaUI_FocusMenu CLOSED
[2026-03-28 18:45:34.754] [MENU] Cursor Menu CLOSED
[2026-03-28 18:45:48.611] [MENU] Console OPENED
[2026-03-28 18:45:48.655] [MENU] Cursor Menu OPENED
[2026-03-28 18:46:59.729] [MENU] Console CLOSED
[2026-03-28 18:46:59.767] [MENU] Cursor Menu CLOSED
[2026-03-28 18:47:01.372] [MENU] PrismaUI_FocusMenu OPENED
[2026-03-28 18:47:01.399] [MENU] Cursor Menu OPENED
[2026-03-28 18:47:18.692] [MENU] PrismaUI_FocusMenu CLOSED
[2026-03-28 18:47:18.721] [MENU] Cursor Menu CLOSED
[2026-03-28 18:47:19.992] [MENU] Console OPENED
[2026-03-28 18:47:20.032] [MENU] Cursor Menu OPENED
